Arguments: 
  /usr/local/Cellar/node/12.11.1/bin/node /usr/local/Cellar/yarn/1.19.1/libexec/bin/yarn.js add runescape-api

PATH: 
  /usr/local/bin:/usr/bin:/bin:/usr/sbin:/sbin

Yarn version: 
  1.19.1

Node version: 
  12.11.1

Platform: 
  darwin x64

Trace: 
  SyntaxError: /Users/russell/code/soulfire/soulfire/package.json: Unexpected token } in JSON at position 299
      at JSON.parse (<anonymous>)
      at /usr/local/Cellar/yarn/1.19.1/libexec/lib/cli.js:1625:59
      at Generator.next (<anonymous>)
      at step (/usr/local/Cellar/yarn/1.19.1/libexec/lib/cli.js:304:30)
      at /usr/local/Cellar/yarn/1.19.1/libexec/lib/cli.js:315:13

npm manifest: 
  {
    "name": "soulfire",
    "version": "0.1.0",
    "private": true,
    "dependencies": {
      "@testing-library/jest-dom": "^4.2.4",
      "@testing-library/react": "^9.3.2",
      "@testing-library/user-event": "^7.1.2",
      "react": "^16.13.1",
      "react-dom": "^16.13.1",
      "react-scripts": "3.4.0",
    },
    "scripts": {
      "start": "react-scripts start",
      "build": "react-scripts build",
      "test": "react-scripts test",
      "eject": "react-scripts eject"
    },
    "eslintConfig": {
      "extends": "react-app"
    },
    "browserslist": {
      "production": [
        ">0.2%",
        "not dead",
        "not op_mini all"
      ],
      "development": [
        "last 1 chrome version",
        "last 1 firefox version",
        "last 1 safari version"
      ]
    }
  }

yarn manifest: 
  No manifest

Lockfile: 
  No lockfile
